<?xml version="1.0" encoding="UTF-8"?>
<!-- Generated by org.testng.reporters.JUnitReportReporter -->
<testsuite hostname="LAPTOP-H7R7DK85" failures="0" tests="2" name="testRunners.TestRunner" time="31.767" errors="0" timestamp="2024-03-24T13:01:13 IST" skipped="0">
  <testcase classname="testRunners.TestRunner" name="runScenario" time="14.517"/>
  <system-out/>
  <testcase classname="testRunners.TestRunner" name="runScenario" time="17.250"/>
  <system-out/>
</testsuite> <!-- testRunners.TestRunner -->
